0 info it worked if it ends with ok
1 verbose cli [ '/usr/local/bin/node', '/usr/local/bin/npm', 'install' ]
2 info using npm@3.9.3
3 info using node@v6.2.1
4 silly loadCurrentTree Starting
5 silly install loadCurrentTree
6 silly install readLocalPackageData
7 silly install normalizeTree
8 silly loadCurrentTree Finishing
9 silly loadIdealTree Starting
10 silly install loadIdealTree
11 silly cloneCurrentTree Starting
12 silly install cloneCurrentTreeToIdealTree
13 silly cloneCurrentTree Finishing
14 silly loadShrinkwrap Starting
15 silly install loadShrinkwrap
16 silly loadShrinkwrap Finishing
17 silly loadAllDepsIntoIdealTree Starting
18 silly install loadAllDepsIntoIdealTree
19 silly fetchOtherPackageData gitCommit@git://github.com/akash2616/AngularLogin.git#commit-ish
20 silly cache add args [ 'gitCommit@git://github.com/akash2616/AngularLogin.git#commit-ish',
20 silly cache add   null ]
21 verbose cache add spec gitCommit@git://github.com/akash2616/AngularLogin.git#commit-ish
22 silly cache add parsed spec Result {
22 silly cache add   raw: 'gitCommit@git://github.com/akash2616/AngularLogin.git#commit-ish',
22 silly cache add   scope: null,
22 silly cache add   name: 'gitCommit',
22 silly cache add   rawSpec: 'git://github.com/akash2616/AngularLogin.git#commit-ish',
22 silly cache add   spec: 'git://github.com/akash2616/AngularLogin.git#commit-ish',
22 silly cache add   type: 'hosted',
22 silly cache add   hosted:
22 silly cache add    { type: 'github',
22 silly cache add      ssh: 'git@github.com:akash2616/AngularLogin.git#commit-ish',
22 silly cache add      sshUrl: 'git+ssh://git@github.com/akash2616/AngularLogin.git#commit-ish',
22 silly cache add      httpsUrl: 'git+https://github.com/akash2616/AngularLogin.git#commit-ish',
22 silly cache add      gitUrl: 'git://github.com/akash2616/AngularLogin.git#commit-ish',
22 silly cache add      shortcut: 'github:akash2616/AngularLogin#commit-ish',
22 silly cache add      directUrl: 'https://raw.githubusercontent.com/akash2616/AngularLogin/commit-ish/package.json' } }
23 verbose addRemoteGit caching git://github.com/akash2616/AngularLogin.git#commit-ish
24 verbose addRemoteGit git://github.com/akash2616/AngularLogin.git#commit-ish is a repository hosted by github
25 silly tryClone cloning git://github.com/akash2616/AngularLogin.git#commit-ish via git://github.com/akash2616/AngularLogin.git#commit-ish
26 verbose tryClone git-github-com-akash2616-AngularLogin-git-commit-ish-5474e8bf not in flight; caching
27 verbose correctMkdir /Users/mohitea/.npm/_git-remotes correctMkdir not in flight; initializing
28 info git [ 'clone',
28 info git   '--template=/Users/mohitea/.npm/_git-remotes/_templates',
28 info git   '--mirror',
28 info git   'git://github.com/akash2616/AngularLogin.git',
28 info git   '/Users/mohitea/.npm/_git-remotes/git-github-com-akash2616-AngularLogin-git-commit-ish-5474e8bf' ]
29 error git clone --template=/Users/mohitea/.npm/_git-remotes/_templates --mirror git://github.com/akash2616/AngularLogin.git /Users/mohitea/.npm/_git-remotes/git-github-com-akash2616-AngularLogin-git-commit-ish-5474e8bf: Cloning into bare repository '/Users/mohitea/.npm/_git-remotes/git-github-com-akash2616-AngularLogin-git-commit-ish-5474e8bf'...
29 error git clone --template=/Users/mohitea/.npm/_git-remotes/_templates --mirror git://github.com/akash2616/AngularLogin.git /Users/mohitea/.npm/_git-remotes/git-github-com-akash2616-AngularLogin-git-commit-ish-5474e8bf: fatal: unable to connect to github.com:
29 error git clone --template=/Users/mohitea/.npm/_git-remotes/_templates --mirror git://github.com/akash2616/AngularLogin.git /Users/mohitea/.npm/_git-remotes/git-github-com-akash2616-AngularLogin-git-commit-ish-5474e8bf: github.com[0: 192.30.252.122]: errno=Connection refused
30 silly fetchPackageMetaData Error: Command failed: git clone --template=/Users/mohitea/.npm/_git-remotes/_templates --mirror git://github.com/akash2616/AngularLogin.git /Users/mohitea/.npm/_git-remotes/git-github-com-akash2616-AngularLogin-git-commit-ish-5474e8bf
30 silly fetchPackageMetaData Cloning into bare repository '/Users/mohitea/.npm/_git-remotes/git-github-com-akash2616-AngularLogin-git-commit-ish-5474e8bf'...
30 silly fetchPackageMetaData fatal: unable to connect to github.com:
30 silly fetchPackageMetaData github.com[0: 192.30.252.122]: errno=Connection refused
30 silly fetchPackageMetaData
30 silly fetchPackageMetaData
30 silly fetchPackageMetaData     at ChildProcess.exithandler (child_process.js:207:12)
30 silly fetchPackageMetaData     at emitTwo (events.js:106:13)
30 silly fetchPackageMetaData     at ChildProcess.emit (events.js:191:7)
30 silly fetchPackageMetaData     at maybeClose (internal/child_process.js:852:16)
30 silly fetchPackageMetaData     at Socket.<anonymous> (internal/child_process.js:323:11)
30 silly fetchPackageMetaData     at emitOne (events.js:96:13)
30 silly fetchPackageMetaData     at Socket.emit (events.js:188:7)
30 silly fetchPackageMetaData     at Pipe._handle.close [as _onclose] (net.js:492:12)
30 silly fetchPackageMetaData  error for gitCommit@git://github.com/akash2616/AngularLogin.git#commit-ish { Error: Command failed: git clone --template=/Users/mohitea/.npm/_git-remotes/_templates --mirror git://github.com/akash2616/AngularLogin.git /Users/mohitea/.npm/_git-remotes/git-github-com-akash2616-AngularLogin-git-commit-ish-5474e8bf
30 silly fetchPackageMetaData Cloning into bare repository '/Users/mohitea/.npm/_git-remotes/git-github-com-akash2616-AngularLogin-git-commit-ish-5474e8bf'...
30 silly fetchPackageMetaData fatal: unable to connect to github.com:
30 silly fetchPackageMetaData github.com[0: 192.30.252.122]: errno=Connection refused
30 silly fetchPackageMetaData
30 silly fetchPackageMetaData
30 silly fetchPackageMetaData     at ChildProcess.exithandler (child_process.js:207:12)
30 silly fetchPackageMetaData     at emitTwo (events.js:106:13)
30 silly fetchPackageMetaData     at ChildProcess.emit (events.js:191:7)
30 silly fetchPackageMetaData     at maybeClose (internal/child_process.js:852:16)
30 silly fetchPackageMetaData     at Socket.<anonymous> (internal/child_process.js:323:11)
30 silly fetchPackageMetaData     at emitOne (events.js:96:13)
30 silly fetchPackageMetaData     at Socket.emit (events.js:188:7)
30 silly fetchPackageMetaData     at Pipe._handle.close [as _onclose] (net.js:492:12)
30 silly fetchPackageMetaData   killed: false,
30 silly fetchPackageMetaData   code: 128,
30 silly fetchPackageMetaData   signal: null,
30 silly fetchPackageMetaData   cmd: 'git clone --template=/Users/mohitea/.npm/_git-remotes/_templates --mirror git://github.com/akash2616/AngularLogin.git /Users/mohitea/.npm/_git-remotes/git-github-com-akash2616-AngularLogin-git-commit-ish-5474e8bf' }
31 silly rollbackFailedOptional Starting
32 silly rollbackFailedOptional Finishing
33 silly runTopLevelLifecycles Starting
34 silly runTopLevelLifecycles Finishing
35 silly install printInstalled
36 verbose stack Error: Command failed: git clone --template=/Users/mohitea/.npm/_git-remotes/_templates --mirror git://github.com/akash2616/AngularLogin.git /Users/mohitea/.npm/_git-remotes/git-github-com-akash2616-AngularLogin-git-commit-ish-5474e8bf
36 verbose stack Cloning into bare repository '/Users/mohitea/.npm/_git-remotes/git-github-com-akash2616-AngularLogin-git-commit-ish-5474e8bf'...
36 verbose stack fatal: unable to connect to github.com:
36 verbose stack github.com[0: 192.30.252.122]: errno=Connection refused
36 verbose stack
36 verbose stack
36 verbose stack     at ChildProcess.exithandler (child_process.js:207:12)
36 verbose stack     at emitTwo (events.js:106:13)
36 verbose stack     at ChildProcess.emit (events.js:191:7)
36 verbose stack     at maybeClose (internal/child_process.js:852:16)
36 verbose stack     at Socket.<anonymous> (internal/child_process.js:323:11)
36 verbose stack     at emitOne (events.js:96:13)
36 verbose stack     at Socket.emit (events.js:188:7)
36 verbose stack     at Pipe._handle.close [as _onclose] (net.js:492:12)
37 verbose cwd /Users/mohitea/WebstormProjects/Angular/Day1
38 error Darwin 15.4.0
39 error argv "/usr/local/bin/node" "/usr/local/bin/npm" "install"
40 error node v6.2.1
41 error npm  v3.9.3
42 error code 128
43 error Command failed: git clone --template=/Users/mohitea/.npm/_git-remotes/_templates --mirror git://github.com/akash2616/AngularLogin.git /Users/mohitea/.npm/_git-remotes/git-github-com-akash2616-AngularLogin-git-commit-ish-5474e8bf
43 error Cloning into bare repository '/Users/mohitea/.npm/_git-remotes/git-github-com-akash2616-AngularLogin-git-commit-ish-5474e8bf'...
43 error fatal: unable to connect to github.com:
43 error github.com[0: 192.30.252.122]: errno=Connection refused
44 error If you need help, you may report this error at:
44 error     <https://github.com/npm/npm/issues>
45 verbose exit [ 1, true ]
